<?xml version="1.0" encoding="UTF-8"?>
<testng-results ignored="0" total="2" passed="2" failed="0" skipped="0">
  <reporter-output>
    <line>
      <![CDATA[Settingup reports and test started]]>
    </line>
    <line>
      <![CDATA[Settingup is done and test can be started]]>
    </line>
    <line>
      <![CDATA[Trying to start the browser]]>
    </line>
    <line>
      <![CDATA[Browser and application is up and running]]>
    </line>
    <line>
      <![CDATA[Trying to start the browser]]>
    </line>
    <line>
      <![CDATA[Browser and application is up and running]]>
    </line>
  </reporter-output>
  <suite started-at="2020-07-21T08:45:06Z" name="Suite" finished-at="2020-07-21T08:45:32Z" duration-ms="25682">
    <groups>
    </groups>
    <test started-at="2020-07-21T08:45:06Z" name="Test" finished-at="2020-07-21T08:45:32Z" duration-ms="25682">
      <class name="com.automation.testscripts.LoginTest">
        <test-method is-config="true" signature="setupSuite()[pri:0, instance:com.automation.testscripts.LoginTest@52e7a6b2]" started-at="2020-07-21T08:45:06Z" name="setupSuite" finished-at="2020-07-21T08:45:06Z" duration-ms="811" status="PASS">
          <reporter-output>
            <line>
              <![CDATA[Settingup reports and test started]]>
            </line>
            <line>
              <![CDATA[Settingup is done and test can be started]]>
            </line>
          </reporter-output>
        </test-method> <!-- setupSuite -->
        <test-method is-config="true" signature="setup()[pri:0, instance:com.automation.testscripts.LoginTest@52e7a6b2]" started-at="2020-07-21T08:45:06Z" name="setup" finished-at="2020-07-21T08:45:17Z" duration-ms="10641" status="PASS">
          <reporter-output>
            <line>
              <![CDATA[Trying to start the browser]]>
            </line>
            <line>
              <![CDATA[Browser and application is up and running]]>
            </line>
          </reporter-output>
        </test-method> <!-- setup -->
        <test-method signature="loginApp()[pri:1, instance:com.automation.testscripts.LoginTest@52e7a6b2]" started-at="2020-07-21T08:45:17Z" name="loginApp" finished-at="2020-07-21T08:45:18Z" duration-ms="556" status="PASS">
          <reporter-output>
          </reporter-output>
        </test-method> <!-- loginApp -->
        <test-method is-config="true" signature="tearDown(org.testng.ITestResult)[pri:0, instance:com.automation.testscripts.LoginTest@52e7a6b2]" started-at="2020-07-21T08:45:18Z" name="tearDown" finished-at="2020-07-21T08:45:19Z" duration-ms="1726" status="PASS">
          <params>
            <param index="0">
              <value>
                <![CDATA[[TestResult name=loginApp status=SUCCESS method=LoginTest.loginApp()[pri:1, instance:com.automation.testscripts.LoginTest@52e7a6b2] output={null}]]]>
              </value>
            </param>
          </params>
          <reporter-output>
          </reporter-output>
        </test-method> <!-- tearDown -->
        <test-method is-config="true" signature="setup()[pri:0, instance:com.automation.testscripts.LoginTest@52e7a6b2]" started-at="2020-07-21T08:45:19Z" name="setup" finished-at="2020-07-21T08:45:31Z" duration-ms="11300" status="PASS">
          <reporter-output>
            <line>
              <![CDATA[Trying to start the browser]]>
            </line>
            <line>
              <![CDATA[Browser and application is up and running]]>
            </line>
          </reporter-output>
        </test-method> <!-- setup -->
        <test-method signature="loginApp1()[pri:2, instance:com.automation.testscripts.LoginTest@52e7a6b2]" started-at="2020-07-21T08:45:31Z" name="loginApp1" finished-at="2020-07-21T08:45:31Z" duration-ms="4" status="PASS">
          <reporter-output>
          </reporter-output>
        </test-method> <!-- loginApp1 -->
        <test-method is-config="true" signature="tearDown(org.testng.ITestResult)[pri:0, instance:com.automation.testscripts.LoginTest@52e7a6b2]" started-at="2020-07-21T08:45:31Z" name="tearDown" finished-at="2020-07-21T08:45:32Z" duration-ms="1438" status="PASS">
          <params>
            <param index="0">
              <value>
                <![CDATA[[TestResult name=loginApp1 status=SUCCESS method=LoginTest.loginApp1()[pri:2, instance:com.automation.testscripts.LoginTest@52e7a6b2] output={null}]]]>
              </value>
            </param>
          </params>
          <reporter-output>
          </reporter-output>
        </test-method> <!-- tearDown -->
      </class> <!-- com.automation.testscripts.LoginTest -->
    </test> <!-- Test -->
  </suite> <!-- Suite -->
</testng-results>
